<?xml version="1.0" encoding="UTF-8"?>
<!-- Generated by org.testng.reporters.JUnitReportReporter -->
<testsuite hostname="Madhavis-Air" failures="0" tests="3" name="org.testng.MetaGroup" time="0.006" errors="0" timestamp="2024-09-11T05:27:45 CDT" skipped="0">
  <testcase classname="org.testng.MetaGroup" name="testMethod2" time="0.002"/>
  <testcase classname="org.testng.MetaGroup" name="testMethod3" time="0.002"/>
  <testcase classname="org.testng.MetaGroup" name="testMethod1" time="0.002"/>
</testsuite> <!-- org.testng.MetaGroup -->
