<?xml version="1.0" encoding="UTF-8"?>
<!-- Generated by org.testng.reporters.JUnitReportReporter -->
<testsuite hostname="Madhavis-Air" failures="0" tests="2" name="org.testng.Groups" time="0.005" errors="0" timestamp="2024-09-11T05:59:47 CDT" skipped="0">
  <testcase classname="org.testng.Groups" name="testLoginWithValidCredentials" time="0.003"/>
  <testcase classname="org.testng.Groups" name="testLogout" time="0.002"/>
</testsuite> <!-- org.testng.Groups -->
