<?xml version="1.0" encoding="UTF-8"?>
<!-- Generated by org.testng.reporters.JUnitReportReporter -->
<testsuite hostname="Madhavis-Air" failures="0" tests="11" name="org.testng.ThreadCount" time="0.032" errors="0" timestamp="2024-09-11T04:54:39 CDT" skipped="0">
  <testcase classname="org.testng.ThreadCount" name="testMethod6" time="0.001"/>
  <testcase classname="org.testng.ThreadCount" name="testMethod1" time="0.004"/>
  <testcase classname="org.testng.ThreadCount" name="testMethod4" time="0.004"/>
  <testcase classname="org.testng.ThreadCount" name="testMethod1" time="0.005"/>
  <testcase classname="org.testng.ThreadCount" name="testMethod1" time="0.000"/>
  <testcase classname="org.testng.ThreadCount" name="testMethod1" time="0.001"/>
  <testcase classname="org.testng.ThreadCount" name="testMethod2" time="0.004"/>
  <testcase classname="org.testng.ThreadCount" name="testMethod1" time="0.004"/>
  <testcase classname="org.testng.ThreadCount" name="testMethod5" time="0.004"/>
  <testcase classname="org.testng.ThreadCount" name="testMethod3" time="0.004"/>
  <testcase classname="org.testng.ThreadCount" name="testMethod7" time="0.001"/>
</testsuite> <!-- org.testng.ThreadCount -->
